#-----------------------------------------------------------
# Vivado v2020.1 (64-bit)
# SW Build 2902540 on Wed May 27 19:54:49 MDT 2020
# IP Build 2902112 on Wed May 27 22:43:36 MDT 2020
# Start of session at: Wed Jan 20 15:44:39 2021
# Process ID: 10724
# Current directory: G:/Write_to_BRAM/Write_to_BRAM
# Command line: vivado.exe -gui_launcher_event rodinguilauncherevent15608 G:\Write_to_BRAM\Write_to_BRAM\Write_to_BRAM.xpr
# Log file: G:/Write_to_BRAM/Write_to_BRAM/vivado.log
# Journal file: G:/Write_to_BRAM/Write_to_BRAM\vivado.jou
#-----------------------------------------------------------
start_gui
open_project G:/Write_to_BRAM/Write_to_BRAM/Write_to_BRAM.xpr
Scanning sources...
Finished scanning sources
INFO: [IP_Flow 19-234] Refreshing IP repositories
INFO: [IP_Flow 19-1704] No user IP repositories specified
INFO: [IP_Flow 19-2313] Loaded Vivado IP repository 'F:/Xilinx/Vivado/2020.1/data/ip'.
open_project: Time (s): cpu = 00:00:21 ; elapsed = 00:00:23 . Memory (MB): peak = 1074.074 ; gain = 0.000
update_compile_order -fileset sources_1
open_bd_design {G:/Write_to_BRAM/Write_to_BRAM/Write_to_BRAM.srcs/sources_1/bd/Write_to_BRAM/Write_to_BRAM.bd}
Adding component instance block -- xilinx.com:ip:processing_system7:5.5 - processing_system7_0
WARNING: [BD 41-176] The physical port 'S_AXI_GP2_rd_socket' specified in the portmap, is not found on the block! 
WARNING: [BD 41-176] The physical port 'S_AXI_GP2_wr_socket' specified in the portmap, is not found on the block! 
WARNING: [BD 41-176] The physical port 'S_AXI_GP3_rd_socket' specified in the portmap, is not found on the block! 
WARNING: [BD 41-176] The physical port 'S_AXI_GP3_wr_socket' specified in the portmap, is not found on the block! 
Adding component instance block -- xilinx.com:ip:axi_bram_ctrl:4.1 - axi_bram_ctrl_0
Adding component instance block -- xilinx.com:ip:blk_mem_gen:8.4 - blk_mem_gen_0
Adding component instance block -- xilinx.com:ip:smartconnect:1.0 - axi_smc
Adding component instance block -- xilinx.com:ip:proc_sys_reset:5.0 - rst_ps7_0_50M
Adding component instance block -- xilinx.com:ip:axi_bram_ctrl:4.1 - axi_bram_ctrl_1
Successfully read diagram <Write_to_BRAM> from BD file <G:/Write_to_BRAM/Write_to_BRAM/Write_to_BRAM.srcs/sources_1/bd/Write_to_BRAM/Write_to_BRAM.bd>
open_bd_design: Time (s): cpu = 00:00:16 ; elapsed = 00:00:17 . Memory (MB): peak = 1120.492 ; gain = 46.418
write_bd_layout -format pdf -orientation portrait {C:/Users/Yujiang Guan/Desktop/Write_to_BRAM.pdf}
C:/Users/Yujiang Guan/Desktop/Write_to_BRAM.pdf
WARNING: [IP_Flow 19-4067] Ignoring invalid widget type specified checkbox.Providing a default widget
WARNING: [IP_Flow 19-4067] Ignoring invalid widget type specified checkbox.Providing a default widget
